Traceback (most recent call last):
  File "/home/runner/work/docs.open223.info/docs.open223.info/.venv/lib/python3.12/site-packages/jupyter_core/utils/__init__.py", line 154, in wrapped
    asyncio.get_running_loop()
RuntimeError: no running event loop

During handling of the above exception, another exception occurred:

Traceback (most recent call last):
  File "/home/runner/work/docs.open223.info/docs.open223.info/.venv/lib/python3.12/site-packages/jupyter_cache/executors/utils.py", line 58, in single_nb_execution
    executenb(
  File "/home/runner/work/docs.open223.info/docs.open223.info/.venv/lib/python3.12/site-packages/nbclient/client.py", line 1319, in execute
    return NotebookClient(nb=nb, resources=resources, km=km, **kwargs).execute()
           ^^^^^^^^^^^^^^^^^^^^^^^^^^^^^^^^^^^^^^^^^^^^^^^^^^^^^^^^^^^^^^^^^^^^^
  File "/home/runner/work/docs.open223.info/docs.open223.info/.venv/lib/python3.12/site-packages/jupyter_core/utils/__init__.py", line 158, in wrapped
    return loop.run_until_complete(inner)
           ^^^^^^^^^^^^^^^^^^^^^^^^^^^^^^
  File "/usr/lib/python3.12/asyncio/base_events.py", line 687, in run_until_complete
    return future.result()
           ^^^^^^^^^^^^^^^
  File "/home/runner/work/docs.open223.info/docs.open223.info/.venv/lib/python3.12/site-packages/nbclient/client.py", line 709, in async_execute
    await self.async_execute_cell(
  File "/home/runner/work/docs.open223.info/docs.open223.info/.venv/lib/python3.12/site-packages/nbclient/client.py", line 1062, in async_execute_cell
    await self._check_raise_for_error(cell, cell_index, exec_reply)
  File "/home/runner/work/docs.open223.info/docs.open223.info/.venv/lib/python3.12/site-packages/nbclient/client.py", line 918, in _check_raise_for_error
    raise CellExecutionError.from_cell_and_msg(cell, exec_reply_content)
nbclient.exceptions.CellExecutionError: An error occurred while executing the following cell:
------------------
from rdflib import Namespace
from buildingmotif import BuildingMOTIF
from buildingmotif.dataclasses import Library, Model
from buildingmotif.model_builder import TemplateBuilderContext as ModelBuilder
import ontoenv
import logging

# Create a BuildingMOTIF object. If you do not have Java installed, remove the "shacl_engine" parameter
bm = BuildingMOTIF('sqlite://', shacl_engine='topquadrant', log_level=logging.ERROR)

# load 223P library and some dependencies. We will load a recent copy from the open223.info
s223 = Library.load(ontology_graph="https://open223.info/223p.ttl")
unit = Library.load(ontology_graph="http://qudt.org/3.1.1/vocab/unit")
quantitykind = Library.load(ontology_graph="http://qudt.org/3.1.1/vocab/quantitykind")
templates = Library.load(directory="BuildingMOTIF/libraries/ashrae/223p/nrel-templates")

# create a Model to hold our building model
model = Model.create("urn:example")
BLDG = Namespace("urn:example/")
------------------


[31m---------------------------------------------------------------------------[39m
[31mModuleNotFoundError[39m                       Traceback (most recent call last)
[36mCell[39m[36m [39m[32mIn[2][39m[32m, line 5[39m
[32m      3[39m [38;5;28;01mfrom[39;00m[38;5;250m [39m[34;01mbuildingmotif[39;00m[34;01m.[39;00m[34;01mdataclasses[39;00m[38;5;250m [39m[38;5;28;01mimport[39;00m Library, Model
[32m      4[39m [38;5;28;01mfrom[39;00m[38;5;250m [39m[34;01mbuildingmotif[39;00m[34;01m.[39;00m[34;01mmodel_builder[39;00m[38;5;250m [39m[38;5;28;01mimport[39;00m TemplateBuilderContext [38;5;28;01mas[39;00m ModelBuilder
[32m----> [39m[32m5[39m [38;5;28;01mimport[39;00m[38;5;250m [39m[34;01montoenv[39;00m
[32m      6[39m [38;5;28;01mimport[39;00m[38;5;250m [39m[34;01mlogging[39;00m
[32m      8[39m [38;5;66;03m# Create a BuildingMOTIF object. If you do not have Java installed, remove the "shacl_engine" parameter[39;00m

[31mModuleNotFoundError[39m: No module named 'ontoenv'

